<?xml version="1.0" encoding="UTF-8"?>
<!-- Generated by org.testng.reporters.JUnitReportReporter -->
<testsuite hostname="DESKTOP-F9SN8P7" failures="0" tests="1" name="com.crm.Comcast_MVN.DynamicDatapassTest" time="0.015" errors="0" timestamp="2021-11-11T10:03:22 IST" skipped="0">
  <testcase classname="com.crm.Comcast_MVN.DynamicDatapassTest" name="dynamicdatapassTest" time="0.015"/>
  <system-out/>
</testsuite> <!-- com.crm.Comcast_MVN.DynamicDatapassTest -->
