<?xml version="1.0" encoding="UTF-8"?>
<!-- Generated by org.testng.reporters.JUnitReportReporter -->
<testsuite hostname="DESKTOP-F9SN8P7" failures="0" tests="1" name="com.crm.Comcast_MVN.CreateorgwithcontactTest" time="0.014" errors="0" timestamp="2021-11-10T22:26:24 IST" skipped="0">
  <testcase classname="com.crm.Comcast_MVN.CreateorgwithcontactTest" name="createorgwithOrg" time="0.014"/>
  <system-out/>
</testsuite> <!-- com.crm.Comcast_MVN.CreateorgwithcontactTest -->
